Using pre-set license
Built from '2020.3/staging' branch; Version is '2020.3.32f1 (12f8b0834f07) revision 1243312'; Using compiler version '192528614'; Build Type 'Release'
OS: 'Windows 10  (10.0.19043) 64bit Professional' Language: 'en' Physical Memory: 8092 MB
BatchMode: 1, IsHumanControllingUs: 0, StartBugReporterOnCrash: 0, Is64bit: 1, IsPro: 0

COMMAND LINE ARGUMENTS:
E:\unity\unity_2020\Unity\Editor\2020.3.32f1\Editor\Unity.exe
-adb2
-batchMode
-noUpm
-name
AssetImportWorker0
-projectPath
E:/unity/Tower-Defence-2D
-logFile
Logs/AssetImportWorker0.log
-srvPort
49471
Successfully changed project path to: E:/unity/Tower-Defence-2D
E:/unity/Tower-Defence-2D
Using Asset Import Pipeline V2.
Refreshing native plugins compatible for Editor in 82.54 ms, found 3 plugins.
Preloading 0 native plugins for Editor in 0.00 ms.
Initialize engine version: 2020.3.32f1 (12f8b0834f07)
[Subsystems] Discovering subsystems at path E:/unity/unity_2020/Unity/Editor/2020.3.32f1/Editor/Data/Resources/UnitySubsystems
[Subsystems] Discovering subsystems at path E:/unity/Tower-Defence-2D/Assets
GfxDevice: creating device client; threaded=0
Direct3D:
    Version:  Direct3D 11.0 [level 11.0]
    Renderer: NVIDIA GeForce 920MX (ID=0x134f)
    Vendor:   
    VRAM:     2020 MB
    Driver:   22.21.13.8264
Initialize mono
Mono path[0] = 'E:/unity/unity_2020/Unity/Editor/2020.3.32f1/Editor/Data/Managed'
Mono path[1] = 'E:/unity/unity_2020/Unity/Editor/2020.3.32f1/Editor/Data/MonoBleedingEdge/lib/mono/unityjit'
Mono config path = 'E:/unity/unity_2020/Unity/Editor/2020.3.32f1/Editor/Data/MonoBleedingEdge/etc'
Using monoOptions --debugger-agent=transport=dt_socket,embedding=1,server=y,suspend=n,address=127.0.0.1:56828
Begin MonoManager ReloadAssembly
Registering precompiled unity dll's ...
Register platform support module: E:/unity/unity_2020/Unity/Editor/2020.3.32f1/Editor/Data/PlaybackEngines/WindowsStandaloneSupport/UnityEditor.WindowsStandalone.Extensions.dll
Registered in 0.001275 seconds.
Native extension for WindowsStandalone target not found
Refreshing native plugins compatible for Editor in 83.07 ms, found 3 plugins.
Preloading 0 native plugins for Editor in 0.00 ms.
Mono: successfully reloaded assembly
- Completed reload, in  0.767 seconds
Domain Reload Profiling:
	ReloadAssembly (767ms)
		BeginReloadAssembly (89ms)
			ExecutionOrderSort (0ms)
			DisableScriptedObjects (0ms)
			BackupInstance (0ms)
			ReleaseScriptingObjects (0ms)
			CreateAndSetChildDomain (1ms)
		EndReloadAssembly (594ms)
			LoadAssemblies (88ms)
			RebuildTransferFunctionScriptingTraits (0ms)
			SetupTypeCache (182ms)
			ReleaseScriptCaches (0ms)
			RebuildScriptCaches (45ms)
			SetupLoadedEditorAssemblies (252ms)
				LogAssemblyErrors (0ms)
				InitializePlatformSupportModulesInManaged (6ms)
				SetLoadedEditorAssemblies (0ms)
				RefreshPlugins (83ms)
				BeforeProcessingInitializeOnLoad (16ms)
				ProcessInitializeOnLoadAttributes (110ms)
				ProcessInitializeOnLoadMethodAttributes (36ms)
				AfterProcessingInitializeOnLoad (0ms)
				EditorAssembliesLoaded (0ms)
			ExecutionOrderSort2 (0ms)
			AwakeInstancesAfterBackupRestoration (0ms)
Platform modules already initialized, skipping
Registering precompiled user dll's ...
Registered in 0.003304 seconds.
Begin MonoManager ReloadAssembly
Native extension for WindowsStandalone target not found
Refreshing native plugins compatible for Editor in 85.38 ms, found 3 plugins.
Preloading 0 native plugins for Editor in 0.00 ms.
Mono: successfully reloaded assembly
- Completed reload, in  1.531 seconds
Domain Reload Profiling:
	ReloadAssembly (1532ms)
		BeginReloadAssembly (207ms)
			ExecutionOrderSort (0ms)
			DisableScriptedObjects (6ms)
			BackupInstance (0ms)
			ReleaseScriptingObjects (0ms)
			CreateAndSetChildDomain (26ms)
		EndReloadAssembly (1254ms)
			LoadAssemblies (126ms)
			RebuildTransferFunctionScriptingTraits (0ms)
			SetupTypeCache (400ms)
			ReleaseScriptCaches (1ms)
			RebuildScriptCaches (80ms)
			SetupLoadedEditorAssemblies (508ms)
				LogAssemblyErrors (0ms)
				InitializePlatformSupportModulesInManaged (4ms)
				SetLoadedEditorAssemblies (0ms)
				RefreshPlugins (85ms)
				BeforeProcessingInitializeOnLoad (129ms)
				ProcessInitializeOnLoadAttributes (262ms)
				ProcessInitializeOnLoadMethodAttributes (24ms)
				AfterProcessingInitializeOnLoad (3ms)
				EditorAssembliesLoaded (0ms)
			ExecutionOrderSort2 (0ms)
			AwakeInstancesAfterBackupRestoration (8ms)
Platform modules already initialized, skipping
========================================================================
Worker process is ready to serve import requests
Launched and connected shader compiler UnityShaderCompiler.exe after 0.10 seconds
Refreshing native plugins compatible for Editor in 0.77 ms, found 3 plugins.
Preloading 0 native plugins for Editor in 0.00 ms.
Unloading 3468 Unused Serialized files (Serialized files now loaded: 0)
System memory in use before: 151.0 MB.
System memory in use after: 150.5 MB.

Unloading 52 unused Assets to reduce memory usage. Loaded Objects now: 3878.
Total: 4.629000 ms (FindLiveObjects: 0.298600 ms CreateObjectMapping: 0.204900 ms MarkObjects: 3.727500 ms  DeleteObjects: 0.396900 ms)

AssetImportParameters requested are different than current active one (requested -> active):
  custom:framework-win-MediaFoundation: 216162199b28c13a410421893ffa2e32 -> 
  custom:video-decoder-ogg-theora: a1e56fd34408186e4bbccfd4996cb3dc -> 
  custom:container-muxer-webm: aa71ff27fc2769a1b78a27578f13a17b -> 
  custom:container-demuxer-webm: 4f35f7cbe854078d1ac9338744f61a02 -> 
  custom:container-demuxer-ogg: 62fdf1f143b41e24485cea50d1cbac27 -> 
  custom:video-encoder-webm-vp8: eb34c28f22e8b96e1ab97ce403110664 -> 
  custom:video-decoder-webm-vp8: 9c59270c3fd7afecdb556c50c9e8de78 -> 
  custom:audio-decoder-ogg-vorbis: bf7c407c2cedff20999df2af8eb42d56 -> 
  custom:audio-encoder-webm-vorbis: bf7c407c2cedff20999df2af8eb42d56 -> 
========================================================================
Received Import Request.
  path: Assets/Prefabs/Visual/pfGoldHarvesterVisual.prefab
  artifactKey: Guid(be38c585b36f6194a8bb08b68a0c4302) Importer(815301076,1909f56bfc062723c751e8b465ee728b)
Start importing Assets/Prefabs/Visual/pfGoldHarvesterVisual.prefab using Guid(be38c585b36f6194a8bb08b68a0c4302) Importer(815301076,1909f56bfc062723c751e8b465ee728b)  -> (artifact id: '66c425d6e00873220b3221a7005784a2') in 0.790760 seconds 
========================================================================
Received Import Request.
  Time since last request: 0.000506 seconds.
  path: Assets/Prefabs/Visual/pfEnemyVisual.prefab
  artifactKey: Guid(bfe9173662a60744d8e84f520a035770) Importer(815301076,1909f56bfc062723c751e8b465ee728b)
Start importing Assets/Prefabs/Visual/pfEnemyVisual.prefab using Guid(bfe9173662a60744d8e84f520a035770) Importer(815301076,1909f56bfc062723c751e8b465ee728b)  -> (artifact id: '031dae82cab46b114c71ba2e0920d471') in 0.053440 seconds 
========================================================================
Received Import Request.
  Time since last request: 0.000337 seconds.
  path: Assets/Prefabs
  artifactKey: Guid(1d197446a798d7446b9f6266b43c3e36) Importer(815301076,1909f56bfc062723c751e8b465ee728b)
Start importing Assets/Prefabs using Guid(1d197446a798d7446b9f6266b43c3e36) Importer(815301076,1909f56bfc062723c751e8b465ee728b)  -> (artifact id: '27a06c145ef22eb1d83ea172f5c5758b') in 0.009987 seconds 
========================================================================
Received Import Request.
  Time since last request: 0.000237 seconds.
  path: Assets/Prefabs/Visual/pfHQVisual.prefab
  artifactKey: Guid(c02dba420892767418590cdcad8e7341) Importer(815301076,1909f56bfc062723c751e8b465ee728b)
Start importing Assets/Prefabs/Visual/pfHQVisual.prefab using Guid(c02dba420892767418590cdcad8e7341) Importer(815301076,1909f56bfc062723c751e8b465ee728b)  -> (artifact id: 'ff8536ca0664952399101e94b5137374') in 0.131022 seconds 
========================================================================
Received Import Request.
  Time since last request: 0.000411 seconds.
  path: Assets/Prefabs/Visual/pfTreeVisual.prefab
  artifactKey: Guid(e5d4607771922bd41abbbb7a46c8aa8e) Importer(815301076,1909f56bfc062723c751e8b465ee728b)
Start importing Assets/Prefabs/Visual/pfTreeVisual.prefab using Guid(e5d4607771922bd41abbbb7a46c8aa8e) Importer(815301076,1909f56bfc062723c751e8b465ee728b)  -> (artifact id: 'e77133ea96ccc85f213068bdd13174b3') in 0.503749 seconds 
========================================================================
Received Import Request.
  Time since last request: 0.000336 seconds.
  path: Assets/Prefabs/Visual/pfStoneHarvesterVisual.prefab
  artifactKey: Guid(5b8b424b62a151c4f9620c86dacc2b1f) Importer(815301076,1909f56bfc062723c751e8b465ee728b)
Start importing Assets/Prefabs/Visual/pfStoneHarvesterVisual.prefab using Guid(5b8b424b62a151c4f9620c86dacc2b1f) Importer(815301076,1909f56bfc062723c751e8b465ee728b)  -> (artifact id: '8275ddebcab0aa3bce749c109ddbda9e') in 0.126644 seconds 
========================================================================
Received Import Request.
  Time since last request: 0.000266 seconds.
  path: Assets/Prefabs/Visual
  artifactKey: Guid(5c9d75fec394cd441bf5355ae22b5b6e) Importer(815301076,1909f56bfc062723c751e8b465ee728b)
Start importing Assets/Prefabs/Visual using Guid(5c9d75fec394cd441bf5355ae22b5b6e) Importer(815301076,1909f56bfc062723c751e8b465ee728b)  -> (artifact id: 'f4ec22cfaf1ac27d2256883577ef13d9') in 0.009134 seconds 
========================================================================
Received Import Request.
  Time since last request: 0.000257 seconds.
  path: Assets/Prefabs/Visual/pfDayNightGradient.prefab
  artifactKey: Guid(ebbf51f7f96eb9f4f97fd2ed831e0151) Importer(815301076,1909f56bfc062723c751e8b465ee728b)
Start importing Assets/Prefabs/Visual/pfDayNightGradient.prefab using Guid(ebbf51f7f96eb9f4f97fd2ed831e0151) Importer(815301076,1909f56bfc062723c751e8b465ee728b)  -> (artifact id: '8cedbb0b45bc0257c3b1624b29153567') in 0.017160 seconds 
========================================================================
Received Import Request.
  Time since last request: 0.000367 seconds.
  path: Assets/Prefabs/Visual/pfWoodHarvesterVisual.prefab
  artifactKey: Guid(a8ddac80caf74a6428bf2b24a8e001e0) Importer(815301076,1909f56bfc062723c751e8b465ee728b)
Start importing Assets/Prefabs/Visual/pfWoodHarvesterVisual.prefab using Guid(a8ddac80caf74a6428bf2b24a8e001e0) Importer(815301076,1909f56bfc062723c751e8b465ee728b)  -> (artifact id: '7ac79585db78400f2370e27e329a36cc') in 0.155741 seconds 
========================================================================
Received Import Request.
  Time since last request: 91.794556 seconds.
  path: Assets/Scripts
  artifactKey: Guid(83be20c8b879f7d458b8ebf235a87ccd) Importer(815301076,1909f56bfc062723c751e8b465ee728b)
Start importing Assets/Scripts using Guid(83be20c8b879f7d458b8ebf235a87ccd) Importer(815301076,1909f56bfc062723c751e8b465ee728b)  -> (artifact id: '2abdfa44d537189ca51435a79546844d') in 0.008195 seconds 
========================================================================
Received Prepare
Registering precompiled user dll's ...
Registered in 0.003265 seconds.
Begin MonoManager ReloadAssembly
Native extension for WindowsStandalone target not found
Refreshing native plugins compatible for Editor in 1.51 ms, found 3 plugins.
Preloading 0 native plugins for Editor in 0.00 ms.
Mono: successfully reloaded assembly
- Completed reload, in  1.927 seconds
Domain Reload Profiling:
	ReloadAssembly (1927ms)
		BeginReloadAssembly (210ms)
			ExecutionOrderSort (0ms)
			DisableScriptedObjects (20ms)
			BackupInstance (0ms)
			ReleaseScriptingObjects (0ms)
			CreateAndSetChildDomain (61ms)
		EndReloadAssembly (1633ms)
			LoadAssemblies (154ms)
			RebuildTransferFunctionScriptingTraits (0ms)
			SetupTypeCache (564ms)
			ReleaseScriptCaches (2ms)
			RebuildScriptCaches (79ms)
			SetupLoadedEditorAssemblies (562ms)
				LogAssemblyErrors (0ms)
				InitializePlatformSupportModulesInManaged (8ms)
				SetLoadedEditorAssemblies (1ms)
				RefreshPlugins (2ms)
				BeforeProcessingInitializeOnLoad (171ms)
				ProcessInitializeOnLoadAttributes (351ms)
				ProcessInitializeOnLoadMethodAttributes (25ms)
				AfterProcessingInitializeOnLoad (4ms)
				EditorAssembliesLoaded (0ms)
			ExecutionOrderSort2 (0ms)
			AwakeInstancesAfterBackupRestoration (36ms)
Platform modules already initialized, skipping
Refreshing native plugins compatible for Editor in 1.31 ms, found 3 plugins.
Preloading 0 native plugins for Editor in 0.00 ms.
Unloading 3355 Unused Serialized files (Serialized files now loaded: 0)
System memory in use before: 148.9 MB.
System memory in use after: 148.4 MB.

Unloading 43 unused Assets to reduce memory usage. Loaded Objects now: 3929.
Total: 4.869700 ms (FindLiveObjects: 0.311200 ms CreateObjectMapping: 0.278500 ms MarkObjects: 3.767500 ms  DeleteObjects: 0.510500 ms)

AssetImportParameters requested are different than current active one (requested -> active):
  custom:framework-win-MediaFoundation: 216162199b28c13a410421893ffa2e32 -> 
  custom:video-decoder-ogg-theora: a1e56fd34408186e4bbccfd4996cb3dc -> 
  custom:container-muxer-webm: aa71ff27fc2769a1b78a27578f13a17b -> 
  custom:container-demuxer-webm: 4f35f7cbe854078d1ac9338744f61a02 -> 
  custom:container-demuxer-ogg: 62fdf1f143b41e24485cea50d1cbac27 -> 
  custom:video-encoder-webm-vp8: eb34c28f22e8b96e1ab97ce403110664 -> 
  custom:video-decoder-webm-vp8: 9c59270c3fd7afecdb556c50c9e8de78 -> 
  custom:audio-decoder-ogg-vorbis: bf7c407c2cedff20999df2af8eb42d56 -> 
  custom:audio-encoder-webm-vorbis: bf7c407c2cedff20999df2af8eb42d56 -> 
========================================================================
Received Import Request.
  Time since last request: 16.147242 seconds.
  path: Assets/Scripts/BuldingManager.cs
  artifactKey: Guid(8c830ae8cd6d63448bee35b58df09b4f) Importer(815301076,1909f56bfc062723c751e8b465ee728b)
Start importing Assets/Scripts/BuldingManager.cs using Guid(8c830ae8cd6d63448bee35b58df09b4f) Importer(815301076,1909f56bfc062723c751e8b465ee728b)  -> (artifact id: 'c95cf2feed0c76a7104d471b9be4eb49') in 0.031521 seconds 
========================================================================
Received Prepare
Registering precompiled user dll's ...
Registered in 0.003133 seconds.
Begin MonoManager ReloadAssembly
Native extension for WindowsStandalone target not found
Refreshing native plugins compatible for Editor in 0.84 ms, found 3 plugins.
Preloading 0 native plugins for Editor in 0.00 ms.
Mono: successfully reloaded assembly
- Completed reload, in  1.479 seconds
Domain Reload Profiling:
	ReloadAssembly (1480ms)
		BeginReloadAssembly (168ms)
			ExecutionOrderSort (0ms)
			DisableScriptedObjects (10ms)
			BackupInstance (0ms)
			ReleaseScriptingObjects (0ms)
			CreateAndSetChildDomain (60ms)
		EndReloadAssembly (1232ms)
			LoadAssemblies (139ms)
			RebuildTransferFunctionScriptingTraits (0ms)
			SetupTypeCache (441ms)
			ReleaseScriptCaches (2ms)
			RebuildScriptCaches (70ms)
			SetupLoadedEditorAssemblies (409ms)
				LogAssemblyErrors (0ms)
				InitializePlatformSupportModulesInManaged (5ms)
				SetLoadedEditorAssemblies (1ms)
				RefreshPlugins (1ms)
				BeforeProcessingInitializeOnLoad (133ms)
				ProcessInitializeOnLoadAttributes (249ms)
				ProcessInitializeOnLoadMethodAttributes (17ms)
				AfterProcessingInitializeOnLoad (3ms)
				EditorAssembliesLoaded (0ms)
			ExecutionOrderSort2 (0ms)
			AwakeInstancesAfterBackupRestoration (27ms)
Platform modules already initialized, skipping
Refreshing native plugins compatible for Editor in 0.94 ms, found 3 plugins.
Preloading 0 native plugins for Editor in 0.00 ms.
Unloading 3354 Unused Serialized files (Serialized files now loaded: 0)
System memory in use before: 148.8 MB.
System memory in use after: 148.4 MB.

Unloading 41 unused Assets to reduce memory usage. Loaded Objects now: 3932.
Total: 4.723100 ms (FindLiveObjects: 0.295200 ms CreateObjectMapping: 0.187200 ms MarkObjects: 3.843000 ms  DeleteObjects: 0.396500 ms)

AssetImportParameters requested are different than current active one (requested -> active):
  custom:framework-win-MediaFoundation: 216162199b28c13a410421893ffa2e32 -> 
  custom:video-decoder-ogg-theora: a1e56fd34408186e4bbccfd4996cb3dc -> 
  custom:container-muxer-webm: aa71ff27fc2769a1b78a27578f13a17b -> 
  custom:container-demuxer-webm: 4f35f7cbe854078d1ac9338744f61a02 -> 
  custom:container-demuxer-ogg: 62fdf1f143b41e24485cea50d1cbac27 -> 
  custom:video-encoder-webm-vp8: eb34c28f22e8b96e1ab97ce403110664 -> 
  custom:video-decoder-webm-vp8: 9c59270c3fd7afecdb556c50c9e8de78 -> 
  custom:audio-decoder-ogg-vorbis: bf7c407c2cedff20999df2af8eb42d56 -> 
  custom:audio-encoder-webm-vorbis: bf7c407c2cedff20999df2af8eb42d56 -> 
========================================================================
Received Prepare
Trying to reload asset but can't find object on disk
0x00007ff6479ee73c (Unity) StackWalker::GetCurrentCallstack
0x00007ff6479f5d39 (Unity) StackWalker::ShowCallstack
0x00007ff64878650c (Unity) GetStacktrace
0x00007ff6491e36a7 (Unity) DebugStringToFile
0x00007ff64799f0d6 (Unity) PersistentManager::ReloadFromDisk
0x00007ff648895d76 (Unity) ReloadSerializedSingletons
0x00007ff64886e966 (Unity) <lambda_42590b35a7504ca56990eaf6908bc2e2>::operator()
0x00007ff6488f7c12 (Unity) asio::detail::completion_handler<core::mutable_function<void __cdecl(void)> >::do_complete
0x00007ff6488f9d70 (Unity) asio::detail::win_iocp_io_service::do_one
0x00007ff6488fd4ee (Unity) asio::io_service::run
0x00007ff64889884b (Unity) RunAssetImportWorkerClientV2
0x00007ff6488988a0 (Unity) RunAssetImporterV2
0x00007ff648311759 (Unity) Application::InitializeProject
0x00007ff648790892 (Unity) WinMain
0x00007ff649e2e3ee (Unity) __scrt_common_main_seh
0x00007ff80ded7034 (KERNEL32) BaseThreadInitThunk
0x00007ff80f4e2651 (ntdll) RtlUserThreadStart

Trying to reload asset but can't find object on disk
0x00007ff6479ee73c (Unity) StackWalker::GetCurrentCallstack
0x00007ff6479f5d39 (Unity) StackWalker::ShowCallstack
0x00007ff64878650c (Unity) GetStacktrace
0x00007ff6491e36a7 (Unity) DebugStringToFile
0x00007ff64799f0d6 (Unity) PersistentManager::ReloadFromDisk
0x00007ff648895d76 (Unity) ReloadSerializedSingletons
0x00007ff64886e966 (Unity) <lambda_42590b35a7504ca56990eaf6908bc2e2>::operator()
0x00007ff6488f7c12 (Unity) asio::detail::completion_handler<core::mutable_function<void __cdecl(void)> >::do_complete
0x00007ff6488f9d70 (Unity) asio::detail::win_iocp_io_service::do_one
0x00007ff6488fd4ee (Unity) asio::io_service::run
0x00007ff64889884b (Unity) RunAssetImportWorkerClientV2
0x00007ff6488988a0 (Unity) RunAssetImporterV2
0x00007ff648311759 (Unity) Application::InitializeProject
0x00007ff648790892 (Unity) WinMain
0x00007ff649e2e3ee (Unity) __scrt_common_main_seh
0x00007ff80ded7034 (KERNEL32) BaseThreadInitThunk
0x00007ff80f4e2651 (ntdll) RtlUserThreadStart

Trying to reload asset but can't find object on disk
0x00007ff6479ee73c (Unity) StackWalker::GetCurrentCallstack
0x00007ff6479f5d39 (Unity) StackWalker::ShowCallstack
0x00007ff64878650c (Unity) GetStacktrace
0x00007ff6491e36a7 (Unity) DebugStringToFile
0x00007ff64799f0d6 (Unity) PersistentManager::ReloadFromDisk
0x00007ff648895d76 (Unity) ReloadSerializedSingletons
0x00007ff64886e966 (Unity) <lambda_42590b35a7504ca56990eaf6908bc2e2>::operator()
0x00007ff6488f7c12 (Unity) asio::detail::completion_handler<core::mutable_function<void __cdecl(void)> >::do_complete
0x00007ff6488f9d70 (Unity) asio::detail::win_iocp_io_service::do_one
0x00007ff6488fd4ee (Unity) asio::io_service::run
0x00007ff64889884b (Unity) RunAssetImportWorkerClientV2
0x00007ff6488988a0 (Unity) RunAssetImporterV2
0x00007ff648311759 (Unity) Application::InitializeProject
0x00007ff648790892 (Unity) WinMain
0x00007ff649e2e3ee (Unity) __scrt_common_main_seh
0x00007ff80ded7034 (KERNEL32) BaseThreadInitThunk
0x00007ff80f4e2651 (ntdll) RtlUserThreadStart

Trying to reload asset but can't find object on disk
0x00007ff6479ee73c (Unity) StackWalker::GetCurrentCallstack
0x00007ff6479f5d39 (Unity) StackWalker::ShowCallstack
0x00007ff64878650c (Unity) GetStacktrace
0x00007ff6491e36a7 (Unity) DebugStringToFile
0x00007ff64799f0d6 (Unity) PersistentManager::ReloadFromDisk
0x00007ff648895d76 (Unity) ReloadSerializedSingletons
0x00007ff64886e966 (Unity) <lambda_42590b35a7504ca56990eaf6908bc2e2>::operator()
0x00007ff6488f7c12 (Unity) asio::detail::completion_handler<core::mutable_function<void __cdecl(void)> >::do_complete
0x00007ff6488f9d70 (Unity) asio::detail::win_iocp_io_service::do_one
0x00007ff6488fd4ee (Unity) asio::io_service::run
0x00007ff64889884b (Unity) RunAssetImportWorkerClientV2
0x00007ff6488988a0 (Unity) RunAssetImporterV2
0x00007ff648311759 (Unity) Application::InitializeProject
0x00007ff648790892 (Unity) WinMain
0x00007ff649e2e3ee (Unity) __scrt_common_main_seh
0x00007ff80ded7034 (KERNEL32) BaseThreadInitThunk
0x00007ff80f4e2651 (ntdll) RtlUserThreadStart

Trying to reload asset but can't find object on disk
0x00007ff6479ee73c (Unity) StackWalker::GetCurrentCallstack
0x00007ff6479f5d39 (Unity) StackWalker::ShowCallstack
0x00007ff64878650c (Unity) GetStacktrace
0x00007ff6491e36a7 (Unity) DebugStringToFile
0x00007ff64799f0d6 (Unity) PersistentManager::ReloadFromDisk
0x00007ff648895d76 (Unity) ReloadSerializedSingletons
0x00007ff64886e966 (Unity) <lambda_42590b35a7504ca56990eaf6908bc2e2>::operator()
0x00007ff6488f7c12 (Unity) asio::detail::completion_handler<core::mutable_function<void __cdecl(void)> >::do_complete
0x00007ff6488f9d70 (Unity) asio::detail::win_iocp_io_service::do_one
0x00007ff6488fd4ee (Unity) asio::io_service::run
0x00007ff64889884b (Unity) RunAssetImportWorkerClientV2
0x00007ff6488988a0 (Unity) RunAssetImporterV2
0x00007ff648311759 (Unity) Application::InitializeProject
0x00007ff648790892 (Unity) WinMain
0x00007ff649e2e3ee (Unity) __scrt_common_main_seh
0x00007ff80ded7034 (KERNEL32) BaseThreadInitThunk
0x00007ff80f4e2651 (ntdll) RtlUserThreadStart

Trying to reload asset but can't find object on disk
0x00007ff6479ee73c (Unity) StackWalker::GetCurrentCallstack
0x00007ff6479f5d39 (Unity) StackWalker::ShowCallstack
0x00007ff64878650c (Unity) GetStacktrace
0x00007ff6491e36a7 (Unity) DebugStringToFile
0x00007ff64799f0d6 (Unity) PersistentManager::ReloadFromDisk
0x00007ff648895d76 (Unity) ReloadSerializedSingletons
0x00007ff64886e966 (Unity) <lambda_42590b35a7504ca56990eaf6908bc2e2>::operator()
0x00007ff6488f7c12 (Unity) asio::detail::completion_handler<core::mutable_function<void __cdecl(void)> >::do_complete
0x00007ff6488f9d70 (Unity) asio::detail::win_iocp_io_service::do_one
0x00007ff6488fd4ee (Unity) asio::io_service::run
0x00007ff64889884b (Unity) RunAssetImportWorkerClientV2
0x00007ff6488988a0 (Unity) RunAssetImporterV2
0x00007ff648311759 (Unity) Application::InitializeProject
0x00007ff648790892 (Unity) WinMain
0x00007ff649e2e3ee (Unity) __scrt_common_main_seh
0x00007ff80ded7034 (KERNEL32) BaseThreadInitThunk
0x00007ff80f4e2651 (ntdll) RtlUserThreadStart

Trying to reload asset but can't find object on disk
0x00007ff6479ee73c (Unity) StackWalker::GetCurrentCallstack
0x00007ff6479f5d39 (Unity) StackWalker::ShowCallstack
0x00007ff64878650c (Unity) GetStacktrace
0x00007ff6491e36a7 (Unity) DebugStringToFile
0x00007ff64799f0d6 (Unity) PersistentManager::ReloadFromDisk
0x00007ff648895d76 (Unity) ReloadSerializedSingletons
0x00007ff64886e966 (Unity) <lambda_42590b35a7504ca56990eaf6908bc2e2>::operator()
0x00007ff6488f7c12 (Unity) asio::detail::completion_handler<core::mutable_function<void __cdecl(void)> >::do_complete
0x00007ff6488f9d70 (Unity) asio::detail::win_iocp_io_service::do_one
0x00007ff6488fd4ee (Unity) asio::io_service::run
0x00007ff64889884b (Unity) RunAssetImportWorkerClientV2
0x00007ff6488988a0 (Unity) RunAssetImporterV2
0x00007ff648311759 (Unity) Application::InitializeProject
0x00007ff648790892 (Unity) WinMain
0x00007ff649e2e3ee (Unity) __scrt_common_main_seh
0x00007ff80ded7034 (KERNEL32) BaseThreadInitThunk
0x00007ff80f4e2651 (ntdll) RtlUserThreadStart

Trying to reload asset but can't find object on disk
0x00007ff6479ee73c (Unity) StackWalker::GetCurrentCallstack
0x00007ff6479f5d39 (Unity) StackWalker::ShowCallstack
0x00007ff64878650c (Unity) GetStacktrace
0x00007ff6491e36a7 (Unity) DebugStringToFile
0x00007ff64799f0d6 (Unity) PersistentManager::ReloadFromDisk
0x00007ff648895d76 (Unity) ReloadSerializedSingletons
0x00007ff64886e966 (Unity) <lambda_42590b35a7504ca56990eaf6908bc2e2>::operator()
0x00007ff6488f7c12 (Unity) asio::detail::completion_handler<core::mutable_function<void __cdecl(void)> >::do_complete
0x00007ff6488f9d70 (Unity) asio::detail::win_iocp_io_service::do_one
0x00007ff6488fd4ee (Unity) asio::io_service::run
0x00007ff64889884b (Unity) RunAssetImportWorkerClientV2
0x00007ff6488988a0 (Unity) RunAssetImporterV2
0x00007ff648311759 (Unity) Application::InitializeProject
0x00007ff648790892 (Unity) WinMain
0x00007ff649e2e3ee (Unity) __scrt_common_main_seh
0x00007ff80ded7034 (KERNEL32) BaseThreadInitThunk
0x00007ff80f4e2651 (ntdll) RtlUserThreadStart

Trying to reload asset but can't find object on disk
0x00007ff6479ee73c (Unity) StackWalker::GetCurrentCallstack
0x00007ff6479f5d39 (Unity) StackWalker::ShowCallstack
0x00007ff64878650c (Unity) GetStacktrace
0x00007ff6491e36a7 (Unity) DebugStringToFile
0x00007ff64799f0d6 (Unity) PersistentManager::ReloadFromDisk
0x00007ff648895d76 (Unity) ReloadSerializedSingletons
0x00007ff64886e966 (Unity) <lambda_42590b35a7504ca56990eaf6908bc2e2>::operator()
0x00007ff6488f7c12 (Unity) asio::detail::completion_handler<core::mutable_function<void __cdecl(void)> >::do_complete
0x00007ff6488f9d70 (Unity) asio::detail::win_iocp_io_service::do_one
0x00007ff6488fd4ee (Unity) asio::io_service::run
0x00007ff64889884b (Unity) RunAssetImportWorkerClientV2
0x00007ff6488988a0 (Unity) RunAssetImporterV2
0x00007ff648311759 (Unity) Application::InitializeProject
0x00007ff648790892 (Unity) WinMain
0x00007ff649e2e3ee (Unity) __scrt_common_main_seh
0x00007ff80ded7034 (KERNEL32) BaseThreadInitThunk
0x00007ff80f4e2651 (ntdll) RtlUserThreadStart

Trying to reload asset but can't find object on disk
0x00007ff6479ee73c (Unity) StackWalker::GetCurrentCallstack
0x00007ff6479f5d39 (Unity) StackWalker::ShowCallstack
0x00007ff64878650c (Unity) GetStacktrace
0x00007ff6491e36a7 (Unity) DebugStringToFile
0x00007ff64799f0d6 (Unity) PersistentManager::ReloadFromDisk
0x00007ff648895d76 (Unity) ReloadSerializedSingletons
0x00007ff64886e966 (Unity) <lambda_42590b35a7504ca56990eaf6908bc2e2>::operator()
0x00007ff6488f7c12 (Unity) asio::detail::completion_handler<core::mutable_function<void __cdecl(void)> >::do_complete
0x00007ff6488f9d70 (Unity) asio::detail::win_iocp_io_service::do_one
0x00007ff6488fd4ee (Unity) asio::io_service::run
0x00007ff64889884b (Unity) RunAssetImportWorkerClientV2
0x00007ff6488988a0 (Unity) RunAssetImporterV2
0x00007ff648311759 (Unity) Application::InitializeProject
0x00007ff648790892 (Unity) WinMain
0x00007ff649e2e3ee (Unity) __scrt_common_main_seh
0x00007ff80ded7034 (KERNEL32) BaseThreadInitThunk
0x00007ff80f4e2651 (ntdll) RtlUserThreadStart

Trying to reload asset but can't find object on disk
0x00007ff6479ee73c (Unity) StackWalker::GetCurrentCallstack
0x00007ff6479f5d39 (Unity) StackWalker::ShowCallstack
0x00007ff64878650c (Unity) GetStacktrace
0x00007ff6491e36a7 (Unity) DebugStringToFile
0x00007ff64799f0d6 (Unity) PersistentManager::ReloadFromDisk
0x00007ff648895d76 (Unity) ReloadSerializedSingletons
0x00007ff64886e966 (Unity) <lambda_42590b35a7504ca56990eaf6908bc2e2>::operator()
0x00007ff6488f7c12 (Unity) asio::detail::completion_handler<core::mutable_function<void __cdecl(void)> >::do_complete
0x00007ff6488f9d70 (Unity) asio::detail::win_iocp_io_service::do_one
0x00007ff6488fd4ee (Unity) asio::io_service::run
0x00007ff64889884b (Unity) RunAssetImportWorkerClientV2
0x00007ff6488988a0 (Unity) RunAssetImporterV2
0x00007ff648311759 (Unity) Application::InitializeProject
0x00007ff648790892 (Unity) WinMain
0x00007ff649e2e3ee (Unity) __scrt_common_main_seh
0x00007ff80ded7034 (KERNEL32) BaseThreadInitThunk
0x00007ff80f4e2651 (ntdll) RtlUserThreadStart

Trying to reload asset but can't find object on disk
0x00007ff6479ee73c (Unity) StackWalker::GetCurrentCallstack
0x00007ff6479f5d39 (Unity) StackWalker::ShowCallstack
0x00007ff64878650c (Unity) GetStacktrace
0x00007ff6491e36a7 (Unity) DebugStringToFile
0x00007ff64799f0d6 (Unity) PersistentManager::ReloadFromDisk
0x00007ff648895d76 (Unity) ReloadSerializedSingletons
0x00007ff64886e966 (Unity) <lambda_42590b35a7504ca56990eaf6908bc2e2>::operator()
0x00007ff6488f7c12 (Unity) asio::detail::completion_handler<core::mutable_function<void __cdecl(void)> >::do_complete
0x00007ff6488f9d70 (Unity) asio::detail::win_iocp_io_service::do_one
0x00007ff6488fd4ee (Unity) asio::io_service::run
0x00007ff64889884b (Unity) RunAssetImportWorkerClientV2
0x00007ff6488988a0 (Unity) RunAssetImporterV2
0x00007ff648311759 (Unity) Application::InitializeProject
0x00007ff648790892 (Unity) WinMain
0x00007ff649e2e3ee (Unity) __scrt_common_main_seh
0x00007ff80ded7034 (KERNEL32) BaseThreadInitThunk
0x00007ff80f4e2651 (ntdll) RtlUserThreadStart

Trying to reload asset but can't find object on disk
0x00007ff6479ee73c (Unity) StackWalker::GetCurrentCallstack
0x00007ff6479f5d39 (Unity) StackWalker::ShowCallstack
0x00007ff64878650c (Unity) GetStacktrace
0x00007ff6491e36a7 (Unity) DebugStringToFile
0x00007ff64799f0d6 (Unity) PersistentManager::ReloadFromDisk
0x00007ff648895d76 (Unity) ReloadSerializedSingletons
0x00007ff64886e966 (Unity) <lambda_42590b35a7504ca56990eaf6908bc2e2>::operator()
0x00007ff6488f7c12 (Unity) asio::detail::completion_handler<core::mutable_function<void __cdecl(void)> >::do_complete
0x00007ff6488f9d70 (Unity) asio::detail::win_iocp_io_service::do_one
0x00007ff6488fd4ee (Unity) asio::io_service::run
0x00007ff64889884b (Unity) RunAssetImportWorkerClientV2
0x00007ff6488988a0 (Unity) RunAssetImporterV2
0x00007ff648311759 (Unity) Application::InitializeProject
0x00007ff648790892 (Unity) WinMain
0x00007ff649e2e3ee (Unity) __scrt_common_main_seh
0x00007ff80ded7034 (KERNEL32) BaseThreadInitThunk
0x00007ff80f4e2651 (ntdll) RtlUserThreadStart

Trying to reload asset but can't find object on disk
0x00007ff6479ee73c (Unity) StackWalker::GetCurrentCallstack
0x00007ff6479f5d39 (Unity) StackWalker::ShowCallstack
0x00007ff64878650c (Unity) GetStacktrace
0x00007ff6491e36a7 (Unity) DebugStringToFile
0x00007ff64799f0d6 (Unity) PersistentManager::ReloadFromDisk
0x00007ff648895d76 (Unity) ReloadSerializedSingletons
0x00007ff64886e966 (Unity) <lambda_42590b35a7504ca56990eaf6908bc2e2>::operator()
0x00007ff6488f7c12 (Unity) asio::detail::completion_handler<core::mutable_function<void __cdecl(void)> >::do_complete
0x00007ff6488f9d70 (Unity) asio::detail::win_iocp_io_service::do_one
0x00007ff6488fd4ee (Unity) asio::io_service::run
0x00007ff64889884b (Unity) RunAssetImportWorkerClientV2
0x00007ff6488988a0 (Unity) RunAssetImporterV2
0x00007ff648311759 (Unity) Application::InitializeProject
0x00007ff648790892 (Unity) WinMain
0x00007ff649e2e3ee (Unity) __scrt_common_main_seh
0x00007ff80ded7034 (KERNEL32) BaseThreadInitThunk
0x00007ff80f4e2651 (ntdll) RtlUserThreadStart

Trying to reload asset but can't find object on disk
0x00007ff6479ee73c (Unity) StackWalker::GetCurrentCallstack
0x00007ff6479f5d39 (Unity) StackWalker::ShowCallstack
0x00007ff64878650c (Unity) GetStacktrace
0x00007ff6491e36a7 (Unity) DebugStringToFile
0x00007ff64799f0d6 (Unity) PersistentManager::ReloadFromDisk
0x00007ff648895d76 (Unity) ReloadSerializedSingletons
0x00007ff64886e966 (Unity) <lambda_42590b35a7504ca56990eaf6908bc2e2>::operator()
0x00007ff6488f7c12 (Unity) asio::detail::completion_handler<core::mutable_function<void __cdecl(void)> >::do_complete
0x00007ff6488f9d70 (Unity) asio::detail::win_iocp_io_service::do_one
0x00007ff6488fd4ee (Unity) asio::io_service::run
0x00007ff64889884b (Unity) RunAssetImportWorkerClientV2
0x00007ff6488988a0 (Unity) RunAssetImporterV2
0x00007ff648311759 (Unity) Application::InitializeProject
0x00007ff648790892 (Unity) WinMain
0x00007ff649e2e3ee (Unity) __scrt_common_main_seh
0x00007ff80ded7034 (KERNEL32) BaseThreadInitThunk
0x00007ff80f4e2651 (ntdll) RtlUserThreadStart

Trying to reload asset but can't find object on disk
0x00007ff6479ee73c (Unity) StackWalker::GetCurrentCallstack
0x00007ff6479f5d39 (Unity) StackWalker::ShowCallstack
0x00007ff64878650c (Unity) GetStacktrace
0x00007ff6491e36a7 (Unity) DebugStringToFile
0x00007ff64799f0d6 (Unity) PersistentManager::ReloadFromDisk
0x00007ff648895d76 (Unity) ReloadSerializedSingletons
0x00007ff64886e966 (Unity) <lambda_42590b35a7504ca56990eaf6908bc2e2>::operator()
0x00007ff6488f7c12 (Unity) asio::detail::completion_handler<core::mutable_function<void __cdecl(void)> >::do_complete
0x00007ff6488f9d70 (Unity) asio::detail::win_iocp_io_service::do_one
0x00007ff6488fd4ee (Unity) asio::io_service::run
0x00007ff64889884b (Unity) RunAssetImportWorkerClientV2
0x00007ff6488988a0 (Unity) RunAssetImporterV2
0x00007ff648311759 (Unity) Application::InitializeProject
0x00007ff648790892 (Unity) WinMain
0x00007ff649e2e3ee (Unity) __scrt_common_main_seh
0x00007ff80ded7034 (KERNEL32) BaseThreadInitThunk
0x00007ff80f4e2651 (ntdll) RtlUserThreadStart

Trying to reload asset but can't find object on disk
0x00007ff6479ee73c (Unity) StackWalker::GetCurrentCallstack
0x00007ff6479f5d39 (Unity) StackWalker::ShowCallstack
0x00007ff64878650c (Unity) GetStacktrace
0x00007ff6491e36a7 (Unity) DebugStringToFile
0x00007ff64799f0d6 (Unity) PersistentManager::ReloadFromDisk
0x00007ff648895d76 (Unity) ReloadSerializedSingletons
0x00007ff64886e966 (Unity) <lambda_42590b35a7504ca56990eaf6908bc2e2>::operator()
0x00007ff6488f7c12 (Unity) asio::detail::completion_handler<core::mutable_function<void __cdecl(void)> >::do_complete
0x00007ff6488f9d70 (Unity) asio::detail::win_iocp_io_service::do_one
0x00007ff6488fd4ee (Unity) asio::io_service::run
0x00007ff64889884b (Unity) RunAssetImportWorkerClientV2
0x00007ff6488988a0 (Unity) RunAssetImporterV2
0x00007ff648311759 (Unity) Application::InitializeProject
0x00007ff648790892 (Unity) WinMain
0x00007ff649e2e3ee (Unity) __scrt_common_main_seh
0x00007ff80ded7034 (KERNEL32) BaseThreadInitThunk
0x00007ff80f4e2651 (ntdll) RtlUserThreadStart

Trying to reload asset but can't find object on disk
0x00007ff6479ee73c (Unity) StackWalker::GetCurrentCallstack
0x00007ff6479f5d39 (Unity) StackWalker::ShowCallstack
0x00007ff64878650c (Unity) GetStacktrace
0x00007ff6491e36a7 (Unity) DebugStringToFile
0x00007ff64799f0d6 (Unity) PersistentManager::ReloadFromDisk
0x00007ff648895d76 (Unity) ReloadSerializedSingletons
0x00007ff64886e966 (Unity) <lambda_42590b35a7504ca56990eaf6908bc2e2>::operator()
0x00007ff6488f7c12 (Unity) asio::detail::completion_handler<core::mutable_function<void __cdecl(void)> >::do_complete
0x00007ff6488f9d70 (Unity) asio::detail::win_iocp_io_service::do_one
0x00007ff6488fd4ee (Unity) asio::io_service::run
0x00007ff64889884b (Unity) RunAssetImportWorkerClientV2
0x00007ff6488988a0 (Unity) RunAssetImporterV2
0x00007ff648311759 (Unity) Application::InitializeProject
0x00007ff648790892 (Unity) WinMain
0x00007ff649e2e3ee (Unity) __scrt_common_main_seh
0x00007ff80ded7034 (KERNEL32) BaseThreadInitThunk
0x00007ff80f4e2651 (ntdll) RtlUserThreadStart

Registering precompiled user dll's ...
Registered in 0.004091 seconds.
Begin MonoManager ReloadAssembly
Native extension for WindowsStandalone target not found
Refreshing native plugins compatible for Editor in 38.09 ms, found 2 plugins.
Preloading 0 native plugins for Editor in 0.00 ms.
Mono: successfully reloaded assembly
- Completed reload, in  1.209 seconds
Domain Reload Profiling:
	ReloadAssembly (1210ms)
		BeginReloadAssembly (150ms)
			ExecutionOrderSort (0ms)
			DisableScriptedObjects (9ms)
			BackupInstance (0ms)
			ReleaseScriptingObjects (0ms)
			CreateAndSetChildDomain (49ms)
		EndReloadAssembly (985ms)
			LoadAssemblies (113ms)
			RebuildTransferFunctionScriptingTraits (0ms)
			SetupTypeCache (312ms)
			ReleaseScriptCaches (2ms)
			RebuildScriptCaches (54ms)
			SetupLoadedEditorAssemblies (372ms)
				LogAssemblyErrors (0ms)
				InitializePlatformSupportModulesInManaged (4ms)
				SetLoadedEditorAssemblies (0ms)
				RefreshPlugins (38ms)
				BeforeProcessingInitializeOnLoad (100ms)
				ProcessInitializeOnLoadAttributes (215ms)
				ProcessInitializeOnLoadMethodAttributes (10ms)
				AfterProcessingInitializeOnLoad (3ms)
				EditorAssembliesLoaded (0ms)
			ExecutionOrderSort2 (0ms)
			AwakeInstancesAfterBackupRestoration (8ms)
Platform modules already initialized, skipping
Switching render pipeline e82893b464f73624f82a8eb77c2bb718 -> 00000000000000000000000000000000
Refreshing native plugins compatible for Editor in 0.35 ms, found 2 plugins.
Preloading 0 native plugins for Editor in 0.00 ms.
Unloading 1501 Unused Serialized files (Serialized files now loaded: 0)
System memory in use before: 108.5 MB.
System memory in use after: 107.6 MB.

Unloading 513 unused Assets to reduce memory usage. Loaded Objects now: 3435.
Total: 4.050600 ms (FindLiveObjects: 0.286800 ms CreateObjectMapping: 0.190700 ms MarkObjects: 3.097200 ms  DeleteObjects: 0.474800 ms)

AssetImportParameters requested are different than current active one (requested -> active):
  custom:framework-win-MediaFoundation: 216162199b28c13a410421893ffa2e32 -> 
  custom:video-decoder-ogg-theora: a1e56fd34408186e4bbccfd4996cb3dc -> 
  custom:container-muxer-webm: aa71ff27fc2769a1b78a27578f13a17b -> 
  custom:container-demuxer-webm: 4f35f7cbe854078d1ac9338744f61a02 -> 
  custom:container-demuxer-ogg: 62fdf1f143b41e24485cea50d1cbac27 -> 
  custom:video-encoder-webm-vp8: eb34c28f22e8b96e1ab97ce403110664 -> 
  custom:video-decoder-webm-vp8: 9c59270c3fd7afecdb556c50c9e8de78 -> 
  custom:audio-decoder-ogg-vorbis: bf7c407c2cedff20999df2af8eb42d56 -> 
  custom:audio-encoder-webm-vorbis: bf7c407c2cedff20999df2af8eb42d56 -> 
AssetImportWorkerClient::OnTransportError - code=2 error=End of file
